"D:\CLion 2020.2.3\bin\cmake\win\bin\cmake.exe" -DCMAKE_BUILD_TYPE=Debug -DCMAKE_C_COMPILER=G:/gcc-arm-none-eabi-10.3-2021.10/bin/arm-none-eabi-gcc.exe -DCMAKE_CXX_COMPILER=G:/gcc-arm-none-eabi-10.3-2021.10/bin/arm-none-eabi-g++.exe -G "CodeBlocks - MinGW Makefiles" C:\Users\asus\Desktop\snakegame_mock
-- The C compiler identification is GNU 10.3.1
-- The CXX compiler identification is GNU 10.3.1
-- Check for working C compiler: G:/gcc-arm-none-eabi-10.3-2021.10/bin/arm-none-eabi-gcc.exe
-- Check for working C compiler: G:/gcc-arm-none-eabi-10.3-2021.10/bin/arm-none-eabi-gcc.exe - broken
CMake Error at D:/CLion 2020.2.3/bin/cmake/win/share/cmake-3.17/Modules/CMakeTestCCompiler.cmake:60 (message):
  The C compiler

    "G:/gcc-arm-none-eabi-10.3-2021.10/bin/arm-none-eabi-gcc.exe"

  is not able to compile a simple test program.

  It fails with the following output:

    Change Dir: C:/Users/asus/Desktop/snakegame_mock/cmake-build-debug/CMakeFiles/CMakeTmp
    
    Run Build Command(s):D:/mingw64/bin/mingw32-make.exe cmTC_29b65/fast && D:/mingw64/bin/mingw32-make.exe  -f CMakeFiles\cmTC_29b65.dir\build.make CMakeFiles/cmTC_29b65.dir/build
    mingw32-make.exe[1]: Entering directory 'C:/Users/asus/Desktop/snakegame_mock/cmake-build-debug/CMakeFiles/CMakeTmp'
    Building C object CMakeFiles/cmTC_29b65.dir/testCCompiler.c.obj
    G:\gcc-arm-none-eabi-10.3-2021.10\bin\arm-none-eabi-gcc.exe    -o CMakeFiles\cmTC_29b65.dir\testCCompiler.c.obj   -c C:\Users\asus\Desktop\snakegame_mock\cmake-build-debug\CMakeFiles\CMakeTmp\testCCompiler.c
    Linking C executable cmTC_29b65.exe
    "D:\CLion 2020.2.3\bin\cmake\win\bin\cmake.exe" -E cmake_link_script CMakeFiles\cmTC_29b65.dir\link.txt --verbose=1
    "D:\CLion 2020.2.3\bin\cmake\win\bin\cmake.exe" -E rm -f CMakeFiles\cmTC_29b65.dir/objects.a
    D:\mingw64\bin\ar.exe cr CMakeFiles\cmTC_29b65.dir/objects.a @CMakeFiles\cmTC_29b65.dir\objects1.rsp
    G:\gcc-arm-none-eabi-10.3-2021.10\bin\arm-none-eabi-gcc.exe      -Wl,--whole-archive CMakeFiles\cmTC_29b65.dir/objects.a -Wl,--no-whole-archive  -o cmTC_29b65.exe -Wl,--out-implib,libcmTC_29b65.dll.a -Wl,--major-image-version,0,--minor-image-version,0 
    g:/gcc-arm-none-eabi-10.3-2021.10/bin/../lib/gcc/arm-none-eabi/10.3.1/../../../../arm-none-eabi/bin/ld.exe: unrecognized option '--major-image-version'
    g:/gcc-arm-none-eabi-10.3-2021.10/bin/../lib/gcc/arm-none-eabi/10.3.1/../../../../arm-none-eabi/bin/ld.exe: use the --help option for usage information
    collect2.exe: error: ld returned 1 exit status
    mingw32-make.exe[1]: *** [CMakeFiles\cmTC_29b65.dir\build.make:107: cmTC_29b65.exe] Error 1
    mingw32-make.exe[1]: Leaving directory 'C:/Users/asus/Desktop/snakegame_mock/cmake-build-debug/CMakeFiles/CMakeTmp'
    mingw32-make.exe: *** [Makefile:140: cmTC_29b65/fast] Error 2
    
    

  

  CMake will not be able to correctly generate this project.
Call Stack (most recent call first):
  CMakeLists.txt:2 (project)


-- Configuring incomplete, errors occurred!
See also "C:/Users/asus/Desktop/snakegame_mock/cmake-build-debug/CMakeFiles/CMakeOutput.log".
See also "C:/Users/asus/Desktop/snakegame_mock/cmake-build-debug/CMakeFiles/CMakeError.log".
